{"uuid":"583989e4-91a2-46b1-aca0-a90a15dc8985","historyId":"de13fce8bfa4900410665df6b101b5da","fullName":"ordertest.OrderPositiveTest.getUserOrderList_WithIngredientsAndAuth_ExpectedUserOrders","labels":[{"name":"package","value":"ordertest"},{"name":"testClass","value":"ordertest.OrderPositiveTest"},{"name":"testMethod","value":"getUserOrderList_WithIngredientsAndAuth_ExpectedUserOrders"},{"name":"suite","value":"ordertest.OrderPositiveTest"},{"name":"host","value":"LAPTOP"},{"name":"thread","value":"9664@LAPTOP.main(1)"},{"name":"framework","value":"junit4"},{"name":"language","value":"java"}],"links":[],"name":"Base positive test of getting user order list with ingredients and authorization","status":"failed","statusDetails":{"known":false,"muted":false,"flaky":false,"message":"\r\nThe following 2 assertions failed:\r\n1) [No match getTotalToday] expected:<[2]> but was:<[91]>\r\n2) [No match getTotal] expected:<[2]> but was:<[5620]>\r\n","trace":"org.assertj.core.api.SoftAssertionError: \r\nThe following 2 assertions failed:\r\n1) [No match getTotalToday] expected:<[2]> but was:<[91]>\r\n2) [No match getTotal] expected:<[2]> but was:<[5620]>\r\n\r\n\tat org.assertj.core.error.AssertionErrorCreator.multipleSoftAssertionsError(AssertionErrorCreator.java:100)\r\n\tat org.assertj.core.api.AbstractSoftAssertions.assertAll(AbstractSoftAssertions.java:37)\r\n\tat org.assertj.core.api.AbstractSoftAssertions.assertAll(AbstractSoftAssertions.java:42)\r\n\tat site.nomoreparties.stellarburgers.steps.OrderSteps.checkResponseOfUserOrderList(OrderSteps.java:84)\r\n\tat ordertest.OrderPositiveTest.getUserOrderList_WithIngredientsAndAuth_ExpectedUserOrders(OrderPositiveTest.java:69)\r\n\tat java.base/jdk.internal.reflect.NativeMethodAccessorImpl.invoke0(Native Method)\r\n\tat java.base/jdk.internal.reflect.NativeMethodAccessorImpl.invoke(NativeMethodAccessorImpl.java:62)\r\n\tat java.base/jdk.internal.reflect.DelegatingMethodAccessorImpl.invoke(DelegatingMethodAccessorImpl.java:43)\r\n\tat java.base/java.lang.reflect.Method.invoke(Method.java:566)\r\n\tat org.junit.runners.model.FrameworkMethod$1.runReflectiveCall(FrameworkMethod.java:59)\r\n\tat org.junit.internal.runners.model.ReflectiveCallable.run(ReflectiveCallable.java:12)\r\n\tat org.junit.runners.model.FrameworkMethod.invokeExplosively(FrameworkMethod.java:56)\r\n\tat org.junit.internal.runners.statements.InvokeMethod.evaluate(InvokeMethod.java:17)\r\n\tat org.junit.internal.runners.statements.RunBefores.evaluate(RunBefores.java:26)\r\n\tat org.junit.internal.runners.statements.RunAfters.evaluate(RunAfters.java:27)\r\n\tat org.junit.runners.ParentRunner$3.evaluate(ParentRunner.java:306)\r\n\tat org.junit.runners.BlockJUnit4ClassRunner$1.evaluate(BlockJUnit4ClassRunner.java:100)\r\n\tat org.junit.runners.ParentRunner.runLeaf(ParentRunner.java:366)\r\n\tat org.junit.runners.BlockJUnit4ClassRunner.runChild(BlockJUnit4ClassRunner.java:103)\r\n\tat org.junit.runners.BlockJUnit4ClassRunner.runChild(BlockJUnit4ClassRunner.java:63)\r\n\tat org.junit.runners.ParentRunner$4.run(ParentRunner.java:331)\r\n\tat org.junit.runners.ParentRunner$1.schedule(ParentRunner.java:79)\r\n\tat org.junit.runners.ParentRunner.runChildren(ParentRunner.java:329)\r\n\tat org.junit.runners.ParentRunner.access$100(ParentRunner.java:66)\r\n\tat org.junit.runners.ParentRunner$2.evaluate(ParentRunner.java:293)\r\n\tat org.junit.runners.ParentRunner$3.evaluate(ParentRunner.java:306)\r\n\tat org.junit.runners.ParentRunner.run(ParentRunner.java:413)\r\n\tat org.apache.maven.surefire.junit4.JUnit4Provider.execute(JUnit4Provider.java:365)\r\n\tat org.apache.maven.surefire.junit4.JUnit4Provider.executeWithRerun(JUnit4Provider.java:273)\r\n\tat org.apache.maven.surefire.junit4.JUnit4Provider.executeTestSet(JUnit4Provider.java:238)\r\n\tat org.apache.maven.surefire.junit4.JUnit4Provider.invoke(JUnit4Provider.java:159)\r\n\tat org.apache.maven.surefire.booter.ForkedBooter.invokeProviderInSameClassLoader(ForkedBooter.java:384)\r\n\tat org.apache.maven.surefire.booter.ForkedBooter.runSuitesInProcess(ForkedBooter.java:345)\r\n\tat org.apache.maven.surefire.booter.ForkedBooter.execute(ForkedBooter.java:126)\r\n\tat org.apache.maven.surefire.booter.ForkedBooter.main(ForkedBooter.java:418)\r\n"},"stage":"finished","steps":[{"name":"Register new user. api/auth/register","status":"passed","stage":"finished","steps":[],"attachments":[],"parameters":[{"name":"user","value":"site.nomoreparties.stellarburgers.model.User@58052571"}],"start":1678537176324,"stop":1678537176711},{"name":"Set tokens from response to user","status":"passed","stage":"finished","steps":[],"attachments":[],"parameters":[{"name":"response","value":"io.restassured.internal.RestAssuredResponseImpl@6517bc6b"},{"name":"user","value":"site.nomoreparties.stellarburgers.model.User@58052571"}],"start":1678537176711,"stop":1678537176754},{"name":"Getting ingredient list GET api/ingredients","status":"passed","stage":"finished","steps":[],"attachments":[],"parameters":[],"start":1678537176754,"stop":1678537177074},{"name":"Creating new order POST api/orders","status":"passed","stage":"finished","steps":[],"attachments":[],"parameters":[{"name":"accessToken","value":"Bearer eyJhbGciOiJIUzI1NiIsInR5cCI6IkpXVCJ9.eyJpZCI6IjY0MGM3MWQ4OWVkMjgwMDAxYjJlYzRhYSIsImlhdCI6MTY3ODUzNzE3NiwiZXhwIjoxNjc4NTM4Mzc2fQ.9xrv4y5RY203qMXSGLmUNcPIwGrId_N5cUvjizeB6WU"},{"name":"ingredients","value":"site.nomoreparties.stellarburgers.model.Ingredients@6fb514db"}],"start":1678537177077,"stop":1678537177594},{"name":"Creating new order POST api/orders","status":"passed","stage":"finished","steps":[],"attachments":[],"parameters":[{"name":"accessToken","value":"Bearer eyJhbGciOiJIUzI1NiIsInR5cCI6IkpXVCJ9.eyJpZCI6IjY0MGM3MWQ4OWVkMjgwMDAxYjJlYzRhYSIsImlhdCI6MTY3ODUzNzE3NiwiZXhwIjoxNjc4NTM4Mzc2fQ.9xrv4y5RY203qMXSGLmUNcPIwGrId_N5cUvjizeB6WU"},{"name":"ingredients","value":"site.nomoreparties.stellarburgers.model.Ingredients@6fb514db"}],"start":1678537177683,"stop":1678537178280},{"name":"Getting user order list GET api/orders","status":"passed","stage":"finished","steps":[],"attachments":[],"parameters":[{"name":"accessToken","value":"Bearer eyJhbGciOiJIUzI1NiIsInR5cCI6IkpXVCJ9.eyJpZCI6IjY0MGM3MWQ4OWVkMjgwMDAxYjJlYzRhYSIsImlhdCI6MTY3ODUzNzE3NiwiZXhwIjoxNjc4NTM4Mzc2fQ.9xrv4y5RY203qMXSGLmUNcPIwGrId_N5cUvjizeB6WU"}],"start":1678537178337,"stop":1678537178731},{"name":"Checking response and orders of user order list","status":"failed","statusDetails":{"known":false,"muted":false,"flaky":false,"message":"\r\nThe following 2 assertions failed:\r\n1) [No match getTotalToday] expected:<[2]> but was:<[91]>\r\n2) [No match getTotal] expected:<[2]> but was:<[5620]>\r\n","trace":"org.assertj.core.api.SoftAssertionError: \r\nThe following 2 assertions failed:\r\n1) [No match getTotalToday] expected:<[2]> but was:<[91]>\r\n2) [No match getTotal] expected:<[2]> but was:<[5620]>\r\n\r\n\tat org.assertj.core.error.AssertionErrorCreator.multipleSoftAssertionsError(AssertionErrorCreator.java:100)\r\n\tat org.assertj.core.api.AbstractSoftAssertions.assertAll(AbstractSoftAssertions.java:37)\r\n\tat org.assertj.core.api.AbstractSoftAssertions.assertAll(AbstractSoftAssertions.java:42)\r\n\tat site.nomoreparties.stellarburgers.steps.OrderSteps.checkResponseOfUserOrderList(OrderSteps.java:84)\r\n\tat ordertest.OrderPositiveTest.getUserOrderList_WithIngredientsAndAuth_ExpectedUserOrders(OrderPositiveTest.java:69)\r\n\tat java.base/jdk.internal.reflect.NativeMethodAccessorImpl.invoke0(Native Method)\r\n\tat java.base/jdk.internal.reflect.NativeMethodAccessorImpl.invoke(NativeMethodAccessorImpl.java:62)\r\n\tat java.base/jdk.internal.reflect.DelegatingMethodAccessorImpl.invoke(DelegatingMethodAccessorImpl.java:43)\r\n\tat java.base/java.lang.reflect.Method.invoke(Method.java:566)\r\n\tat org.junit.runners.model.FrameworkMethod$1.runReflectiveCall(FrameworkMethod.java:59)\r\n\tat org.junit.internal.runners.model.ReflectiveCallable.run(ReflectiveCallable.java:12)\r\n\tat org.junit.runners.model.FrameworkMethod.invokeExplosively(FrameworkMethod.java:56)\r\n\tat org.junit.internal.runners.statements.InvokeMethod.evaluate(InvokeMethod.java:17)\r\n\tat org.junit.internal.runners.statements.RunBefores.evaluate(RunBefores.java:26)\r\n\tat org.junit.internal.runners.statements.RunAfters.evaluate(RunAfters.java:27)\r\n\tat org.junit.runners.ParentRunner$3.evaluate(ParentRunner.java:306)\r\n\tat org.junit.runners.BlockJUnit4ClassRunner$1.evaluate(BlockJUnit4ClassRunner.java:100)\r\n\tat org.junit.runners.ParentRunner.runLeaf(ParentRunner.java:366)\r\n\tat org.junit.runners.BlockJUnit4ClassRunner.runChild(BlockJUnit4ClassRunner.java:103)\r\n\tat org.junit.runners.BlockJUnit4ClassRunner.runChild(BlockJUnit4ClassRunner.java:63)\r\n\tat org.junit.runners.ParentRunner$4.run(ParentRunner.java:331)\r\n\tat org.junit.runners.ParentRunner$1.schedule(ParentRunner.java:79)\r\n\tat org.junit.runners.ParentRunner.runChildren(ParentRunner.java:329)\r\n\tat org.junit.runners.ParentRunner.access$100(ParentRunner.java:66)\r\n\tat org.junit.runners.ParentRunner$2.evaluate(ParentRunner.java:293)\r\n\tat org.junit.runners.ParentRunner$3.evaluate(ParentRunner.java:306)\r\n\tat org.junit.runners.ParentRunner.run(ParentRunner.java:413)\r\n\tat org.apache.maven.surefire.junit4.JUnit4Provider.execute(JUnit4Provider.java:365)\r\n\tat org.apache.maven.surefire.junit4.JUnit4Provider.executeWithRerun(JUnit4Provider.java:273)\r\n\tat org.apache.maven.surefire.junit4.JUnit4Provider.executeTestSet(JUnit4Provider.java:238)\r\n\tat org.apache.maven.surefire.junit4.JUnit4Provider.invoke(JUnit4Provider.java:159)\r\n\tat org.apache.maven.surefire.booter.ForkedBooter.invokeProviderInSameClassLoader(ForkedBooter.java:384)\r\n\tat org.apache.maven.surefire.booter.ForkedBooter.runSuitesInProcess(ForkedBooter.java:345)\r\n\tat org.apache.maven.surefire.booter.ForkedBooter.execute(ForkedBooter.java:126)\r\n\tat org.apache.maven.surefire.booter.ForkedBooter.main(ForkedBooter.java:418)\r\n"},"stage":"finished","steps":[],"attachments":[],"parameters":[{"name":"response","value":"io.restassured.internal.RestAssuredResponseImpl@233bfc46"},{"name":"userOrdersId","value":"[640c71d89ed280001b2ec4ac, 640c71d99ed280001b2ec4ad]"}],"start":1678537178732,"stop":1678537180865},{"name":"Delete user by token","status":"passed","stage":"finished","steps":[],"attachments":[],"parameters":[{"name":"accessToken","value":"Bearer eyJhbGciOiJIUzI1NiIsInR5cCI6IkpXVCJ9.eyJpZCI6IjY0MGM3MWQ4OWVkMjgwMDAxYjJlYzRhYSIsImlhdCI6MTY3ODUzNzE3NiwiZXhwIjoxNjc4NTM4Mzc2fQ.9xrv4y5RY203qMXSGLmUNcPIwGrId_N5cUvjizeB6WU"}],"start":1678537180865,"stop":1678537181246}],"attachments":[],"parameters":[],"start":1678537176322,"stop":1678537181246}